#
# There is insufficient memory for the Java Runtime Environment to continue.
# Native memory allocation (mmap) failed to map 117440512 bytes for Failed to commit area from 0x0000000091000000 to 0x0000000098000000 of length 117440512.
# Possible reasons:
#   The system is out of physical RAM or swap space
#   The process is running with CompressedOops enabled, and the Java Heap may be blocking the growth of the native heap
# Possible solutions:
#   Reduce memory load on the system
#   Increase physical memory or swap space
#   Check if swap backing store is full
#   Decrease Java heap size (-Xmx/-Xms)
#   Decrease number of Java threads
#   Decrease Java thread stack sizes (-Xss)
#   Set larger code cache with -XX:ReservedCodeCacheSize=
# This output file may be truncated or incomplete.
#
#  Out of Memory Error (./src/hotspot/os/windows/os_windows.cpp:3303), pid=2564, tid=13400
#
# JRE version:  (11.0.9.1+11) (build )
# Java VM: OpenJDK 64-Bit Server VM (11.0.9.1+11-b1145.77, mixed mode, sharing, tiered, compressed oops, g1 gc, windows-amd64)
# No core dump will be written. Minidumps are not enabled by default on client versions of Windows
#

---------------  S U M M A R Y ------------

Command Line: org.jetbrains.git4idea.http.GitAskPassApp Username for 'https://github.com': 

Host: AMD Ryzen 5 3500U with Radeon Vega Mobile Gfx  , 8 cores, 6G,  Windows 10 , 64 bit Build 19041 (10.0.19041.1023)
Time: Thu Sep 16 20:57:12 2021 GMT Summer Time elapsed time: 0.030433 seconds (0d 0h 0m 0s)

---------------  T H R E A D  ---------------

Current thread (0x000001b77785b000):  JavaThread "Unknown thread" [_thread_in_vm, id=13400, stack(0x000000b6a6300000,0x000000b6a6400000)]

Stack: [0x000000b6a6300000,0x000000b6a6400000]
Native frames: (J=compiled Java code, j=interpreted, Vv=VM code, C=native code)
V  [jvm.dll+0x5edd9a]
V  [jvm.dll+0x7229c5]
V  [jvm.dll+0x723f1d]
V  [jvm.dll+0x7245d3]
V  [jvm.dll+0x2431b8]
V  [jvm.dll+0x5eb234]
V  [jvm.dll+0x5e0325]
V  [jvm.dll+0x2fe60b]
V  [jvm.dll+0x2fe57a]
V  [jvm.dll+0x2fe452]
V  [jvm.dll+0x303346]
V  [jvm.dll+0x34ba83]
V  [jvm.dll+0x34c186]
V  [jvm.dll+0x34bb83]
V  [jvm.dll+0x2d9218]
V  [jvm.dll+0x2da3c7]
V  [jvm.dll+0x701a67]
V  [jvm.dll+0x70325c]
V  [jvm.dll+0x359049]
V  [jvm.dll+0x6e552e]
V  [jvm.dll+0x3c1353]
V  [jvm.dll+0x3c3571]
C  [jli.dll+0x5373]
C  [ucrtbase.dll+0x21bb2]
C  [KERNEL32.DLL+0x17034]
C  [ntdll.dll+0x52651]


---------------  P R O C E S S  ---------------

Threads class SMR info:
_java_thread_list=0x000001b777760a70, length=0, elements={
}

Java Threads: ( => current thread )

Other Threads:
  0x000001b777871800 GCTaskThread "GC Thread#0" [stack: 0x000000b6a6400000,0x000000b6a6500000] [id=12444]
  0x000001b77789f000 ConcurrentGCThread "G1 Main Marker" [stack: 0x000000b6a6500000,0x000000b6a6600000] [id=19100]
  0x000001b7778a0800 ConcurrentGCThread "G1 Conc#0" [stack: 0x000000b6a6600000,0x000000b6a6700000] [id=8236]

[error occurred during error reporting (printing all threads), id 0xc0000005, EXCEPTION_ACCESS_VIOLATION (0xc0000005) at pc=0x00007ffa7bcb9807]

VM state:not at safepoint (not fully initialized)

VM Mutex/Monitor currently owned by a thread:  ([mutex/lock_event])
[0x000001b777858e20] Heap_lock - owner thread: 0x000001b77785b000

Heap address: 0x0000000091000000, size: 1776 MB, Compressed Oops mode: Non-zero based: 0x0000000091000000
Narrow klass base: 0x0000000000000000, Narrow klass shift: 0

GC Heap History (0 events):
No events

Deoptimization events (0 events):
No events

Classes redefined (0 events):
No events

Internal exceptions (0 events):
No events

Events (1 events):
Event: 0.017 Loaded shared library C:\Program Files\JetBrains\PyCharm Community Edition 2020.3.3\jbr\bin\zip.dll


Dynamic libraries:
0x00007ff6c9110000 - 0x00007ff6c911a000 	C:\Program Files\JetBrains\PyCharm Community Edition 2020.3.3\jbr\bin\java.exe
0x00007ffab5570000 - 0x00007ffab5765000 	C:\Windows\SYSTEM32\ntdll.dll
0x00007ffab4620000 - 0x00007ffab46dd000 	C:\Windows\System32\KERNEL32.DLL
0x00007ffab2eb0000 - 0x00007ffab3179000 	C:\Windows\System32\KERNELBASE.dll
0x00007ffab2cb0000 - 0x00007ffab2db0000 	C:\Windows\System32\ucrtbase.dll
0x00007ffaa2090000 - 0x00007ffaa20a7000 	C:\Program Files\JetBrains\PyCharm Community Edition 2020.3.3\jbr\bin\VCRUNTIME140.dll
0x00007ffa9b740000 - 0x00007ffa9b759000 	C:\Program Files\JetBrains\PyCharm Community Edition 2020.3.3\jbr\bin\jli.dll
0x00007ffab36a0000 - 0x00007ffab3840000 	C:\Windows\System32\USER32.dll
0x00007ffaa2580000 - 0x00007ffaa281a000 	C:\Windows\WinSxS\amd64_microsoft.windows.common-controls_6595b64144ccf1df_6.0.19041.1083_none_60bbe31371f34e71\COMCTL32.dll
0x00007ffab3180000 - 0x00007ffab31a2000 	C:\Windows\System32\win32u.dll
0x00007ffab43a0000 - 0x00007ffab43ca000 	C:\Windows\System32\GDI32.dll
0x00007ffab3ea0000 - 0x00007ffab3f3e000 	C:\Windows\System32\msvcrt.dll
0x00007ffab34a0000 - 0x00007ffab35ab000 	C:\Windows\System32\gdi32full.dll
0x00007ffab3240000 - 0x00007ffab32dd000 	C:\Windows\System32\msvcp_win.dll
0x00007ffab4260000 - 0x00007ffab4290000 	C:\Windows\System32\IMM32.DLL
0x00007ffa94d60000 - 0x00007ffa94dfd000 	C:\Program Files\JetBrains\PyCharm Community Edition 2020.3.3\jbr\bin\msvcp140.dll
0x00007ffa7b9d0000 - 0x00007ffa7c49e000 	C:\Program Files\JetBrains\PyCharm Community Edition 2020.3.3\jbr\bin\server\jvm.dll
0x00007ffab3fa0000 - 0x00007ffab404c000 	C:\Windows\System32\ADVAPI32.dll
0x00007ffab4e90000 - 0x00007ffab4f2b000 	C:\Windows\System32\sechost.dll
0x00007ffab5400000 - 0x00007ffab552a000 	C:\Windows\System32\RPCRT4.dll
0x00007ffab3e90000 - 0x00007ffab3e98000 	C:\Windows\System32\PSAPI.DLL
0x00007ffaa1b40000 - 0x00007ffaa1b67000 	C:\Windows\SYSTEM32\WINMM.dll
0x00007ffaabe80000 - 0x00007ffaabe89000 	C:\Windows\SYSTEM32\WSOCK32.dll
0x00007ffaa4ac0000 - 0x00007ffaa4aca000 	C:\Windows\SYSTEM32\VERSION.dll
0x00007ffab46e0000 - 0x00007ffab474b000 	C:\Windows\System32\WS2_32.dll
0x00007ffab15c0000 - 0x00007ffab15d2000 	C:\Windows\SYSTEM32\kernel.appcore.dll
0x00007ffaaa1b0000 - 0x00007ffaaa1c1000 	C:\Program Files\JetBrains\PyCharm Community Edition 2020.3.3\jbr\bin\verify.dll
0x00007ffab0870000 - 0x00007ffab0a54000 	C:\Windows\SYSTEM32\DBGHELP.DLL
0x00007ffaaa0c0000 - 0x00007ffaaa0ec000 	C:\Windows\SYSTEM32\dbgcore.DLL
0x00007ffab31b0000 - 0x00007ffab3233000 	C:\Windows\System32\bcryptPrimitives.dll
0x00007ffaa20b0000 - 0x00007ffaa20d9000 	C:\Program Files\JetBrains\PyCharm Community Edition 2020.3.3\jbr\bin\java.dll
0x00007ffaabd60000 - 0x00007ffaabd6b000 	C:\Program Files\JetBrains\PyCharm Community Edition 2020.3.3\jbr\bin\jimage.dll
0x00007ffaa74b0000 - 0x00007ffaa74c8000 	C:\Program Files\JetBrains\PyCharm Community Edition 2020.3.3\jbr\bin\zip.dll

dbghelp: loaded successfully - version: 4.0.5 - missing functions: none
symbol engine: initialized successfully - sym options: 0x614 - pdb path: .;C:\Program Files\JetBrains\PyCharm Community Edition 2020.3.3\jbr\bin;C:\Windows\SYSTEM32;C:\Windows\WinSxS\amd64_microsoft.windows.common-controls_6595b64144ccf1df_6.0.19041.1083_none_60bbe31371f34e71;C:\Program Files\JetBrains\PyCharm Community Edition 2020.3.3\jbr\bin\server

VM Arguments:
java_command: org.jetbrains.git4idea.http.GitAskPassApp Username for 'https://github.com': 
java_class_path (initial): C:/Program Files/JetBrains/PyCharm Community Edition 2020.3.3/plugins/git4idea/lib/git4idea-rt.jar;C:/Program Files/JetBrains/PyCharm Community Edition 2020.3.3/lib/xmlrpc-2.0.1.jar;C:/Program Files/JetBrains/PyCharm Community Edition 2020.3.3/lib/commons-codec-1.14.jar
Launcher Type: SUN_STANDARD

[Global flags]
     intx CICompilerCount                          = 4                                         {product} {ergonomic}
     uint ConcGCThreads                            = 2                                         {product} {ergonomic}
     uint G1ConcRefinementThreads                  = 8                                         {product} {ergonomic}
   size_t G1HeapRegionSize                         = 1048576                                   {product} {ergonomic}
    uintx GCDrainStackTargetSize                   = 64                                        {product} {ergonomic}
   size_t InitialHeapSize                          = 117440512                                 {product} {ergonomic}
   size_t MarkStackSize                            = 4194304                                   {product} {ergonomic}
   size_t MaxHeapSize                              = 1862270976                                {product} {ergonomic}
   size_t MinHeapDeltaBytes                        = 1048576                                   {product} {ergonomic}
    uintx NonNMethodCodeHeapSize                   = 5836300                                {pd product} {ergonomic}
    uintx NonProfiledCodeHeapSize                  = 122910970                              {pd product} {ergonomic}
    uintx ProfiledCodeHeapSize                     = 122910970                              {pd product} {ergonomic}
    uintx ReservedCodeCacheSize                    = 251658240                              {pd product} {ergonomic}
     bool SegmentedCodeCache                       = true                                      {product} {ergonomic}
     bool UseCompressedClassPointers               = true                                 {lp64_product} {ergonomic}
     bool UseCompressedOops                        = true                                 {lp64_product} {ergonomic}
     bool UseG1GC                                  = true                                      {product} {ergonomic}
     bool UseLargePagesIndividualAllocation        = false                                  {pd product} {ergonomic}

Logging:
Log output configuration:
 #0: stdout all=warning uptime,level,tags
 #1: stderr all=off uptime,level,tags

Environment Variables:
PATH=C:\Program Files\Git\mingw64\libexec\git-core;C:\Program Files\Git\mingw64\libexec\git-core;C:\Program Files\Git\mingw64\bin;C:\Program Files\Git\usr\bin;C:\Users\agath\bin;C:\Windows\system32;C:\Windows;C:\Windows\System32\Wbem;C:\Windows\System32\WindowsPowerShell\v1.0;C:\Windows\System32\OpenSSH;C:\Program Files\Git\cmd;C:\Users\agath\AppData\Local\Programs\Python\Python39\Scripts;C:\Users\agath\AppData\Local\Programs\Python\Python39;C:\Users\agath\AppData\Local\Microsoft\WindowsApps
USERNAME=agath
DISPLAY=:0.0
LC_ALL=en_US.UTF-8
OS=Windows_NT
PROCESSOR_IDENTIFIER=AMD64 Family 23 Model 24 Stepping 1, AuthenticAMD



---------------  S Y S T E M  ---------------

OS: Windows 10 , 64 bit Build 19041 (10.0.19041.1023)
OS uptime: 21 days 2:49 hours

CPU:total 8 (initial active 8) (8 cores per cpu, 2 threads per core) family 23 model 24 stepping 1, cmov, cx8, fxsr, mmx, sse, sse2, sse3, ssse3, sse4.1, sse4.2, popcnt, avx, avx2, aes, clmul, mmxext, 3dnowpref, lzcnt, sse4a, ht, tsc, tscinvbit, tscinv, bmi1, bmi2, adx, sha, fma

Memory: 4k page, system-wide physical 7103M (1945M free)
TotalPageFile size 17343M (AvailPageFile size 92M)
current process WorkingSet (physical memory assigned to process): 9M, peak: 9M
current process commit charge ("private bytes"): 59M, peak: 171M

vm_info: OpenJDK 64-Bit Server VM (11.0.9.1+11-b1145.77) for windows-amd64 JRE (11.0.9.1+11-b1145.77), built on Jan 16 2021 05:14:13 by "" with MS VC++ 14.0 (VS2015)

END.
